0 info it worked if it ends with ok
1 verbose cli [ 'C:\\Program Files\\nodejs\\node.exe',
1 verbose cli   'C:\\Users\\oscaryuen\\AppData\\Roaming\\npm\\node_modules\\npm\\bin\\npm-cli.js',
1 verbose cli   'publish',
1 verbose cli   './' ]
2 info using npm@3.10.6
3 info using node@v6.2.1
4 verbose publish [ './' ]
5 silly cache add args [ './', null ]
6 verbose cache add spec ./
7 silly cache add parsed spec Result {
7 silly cache add   raw: './',
7 silly cache add   scope: null,
7 silly cache add   escapedName: null,
7 silly cache add   name: null,
7 silly cache add   rawSpec: './',
7 silly cache add   spec: 'C:\\Users\\oscaryuen\\Desktop\\ng-countryflags',
7 silly cache add   type: 'directory' }
8 verbose addLocalDirectory C:\Users\oscaryuen\AppData\Roaming\npm-cache\ng-country-flags\1.0.0\package.tgz not in flight; packing
9 verbose correctMkdir C:\Users\oscaryuen\AppData\Roaming\npm-cache correctMkdir not in flight; initializing
10 info lifecycle ng-country-flags@1.0.0~prepublish: ng-country-flags@1.0.0
11 silly lifecycle ng-country-flags@1.0.0~prepublish: no script for prepublish, continuing
12 verbose tar pack [ 'C:\\Users\\oscaryuen\\AppData\\Roaming\\npm-cache\\ng-country-flags\\1.0.0\\package.tgz',
12 verbose tar pack   'C:\\Users\\oscaryuen\\Desktop\\ng-countryflags' ]
13 verbose tarball C:\Users\oscaryuen\AppData\Roaming\npm-cache\ng-country-flags\1.0.0\package.tgz
14 verbose folder C:\Users\oscaryuen\Desktop\ng-countryflags
15 verbose addLocalTarball adding from inside cache C:\Users\oscaryuen\AppData\Roaming\npm-cache\ng-country-flags\1.0.0\package.tgz
16 verbose correctMkdir C:\Users\oscaryuen\AppData\Roaming\npm-cache correctMkdir not in flight; initializing
17 silly cache afterAdd ng-country-flags@1.0.0
18 verbose afterAdd C:\Users\oscaryuen\AppData\Roaming\npm-cache\ng-country-flags\1.0.0\package\package.json not in flight; writing
19 verbose correctMkdir C:\Users\oscaryuen\AppData\Roaming\npm-cache correctMkdir not in flight; initializing
20 verbose afterAdd C:\Users\oscaryuen\AppData\Roaming\npm-cache\ng-country-flags\1.0.0\package\package.json written
21 silly publish { name: 'ng-country-flags',
21 silly publish   version: '1.0.0',
21 silly publish   author: { name: 'Oscar Yuen' },
21 silly publish   licenses: [ { type: 'MIT', url: 'http://opensource.org/licenses/MIT' } ],
21 silly publish   repository:
21 silly publish    { type: 'git',
21 silly publish      url: 'git+https://github.com/OscarYuen/angular-countryflags-directive.git' },
21 silly publish   dependencies: { angular: '1.5.8' },
21 silly publish   devDependencies:
21 silly publish    { 'flag-icon-css': '2.4.0',
21 silly publish      grunt: '1.0.1',
21 silly publish      'grunt-contrib-less': '1.4.0',
21 silly publish      'grunt-contrib-cssmin': '1.0.1',
21 silly publish      'grunt-contrib-uglify': '2.0.0',
21 silly publish      'grunt-contrib-concat': '1.0.0',
21 silly publish      'grunt-contrib-copy': '1.0.0' },
21 silly publish   description: 'AngularJS directive to embed country flags by using flag-icon-css library',
21 silly publish   bugs: { url: 'https://github.com/OscarYuen/angular-countryflags-directive/issues' },
21 silly publish   homepage: 'https://github.com/OscarYuen/angular-countryflags-directive#readme',
21 silly publish   main: 'Gruntfile.js',
21 silly publish   scripts: { test: 'echo "Error: no test specified" && exit 1' },
21 silly publish   keywords: [ 'countryflags', 'angular' ],
21 silly publish   license: 'MIT',
21 silly publish   readme: '# angular-countryflags-directive\r\nAngularJS directive to embed country flags by using flag-icon-css library\r\n\r\nInstall\r\n-------\r\nYou can either [download](https://github.com/OscarYuen/angular-countryflags-directive/archive/master.zip)\r\nthe whole project as is or install it via NPM:\r\n\r\n```bash\r\n$ npm install ng-country-flags\r\n```\r\n\r\n## Usage\r\nPut the css, flags, js folders under dist foler into the path where your appliaction css,svg and js resources locates. \r\n\r\nUse the tag \'countryflags\' with attribute \'country="xx"\' (where `xx` is the\r\n[ISO 3166-1-alpha-2 code](http://www.iso.org/iso/country_names_and_code_elements)\r\nof a country). If you want to have a squared version flag\r\nthen add the attribute \'isSquare="true"\' as well. Example:\r\n\r\n```html\r\n<countryflags country="en">English</countryflags>\r\n<countryflags country="en" isSquare="true">English <span class="caret"></span></countryflags>\r\n```\r\n\r\n## Development\r\n\r\nRun the `npm install` to install the dependencies after cloning the project and\r\nyou\'ll be able to:\r\n\r\nTo build minified js and css\r\n\r\n```bash\r\n$ grunt\r\n```\r\n\r\nTo build non-minified js and css \r\n\r\n```bash\r\n$ grunt dev\r\n```\r\n\r\n',
21 silly publish   readmeFilename: 'README.md',
21 silly publish   gitHead: '44ea52fa07ea8eda2fdff50d207ec9e015e2222c',
21 silly publish   _id: 'ng-country-flags@1.0.0',
21 silly publish   _shasum: '970399c0cbe8f66d1142083d8e1fec2cc839c963',
21 silly publish   _from: '.' }
22 verbose getPublishConfig undefined
23 silly mapToRegistry name ng-country-flags
24 silly mapToRegistry using default registry
25 silly mapToRegistry registry https://registry.npmjs.org/
26 silly mapToRegistry data Result {
26 silly mapToRegistry   raw: 'ng-country-flags',
26 silly mapToRegistry   scope: null,
26 silly mapToRegistry   escapedName: 'ng-country-flags',
26 silly mapToRegistry   name: 'ng-country-flags',
26 silly mapToRegistry   rawSpec: '',
26 silly mapToRegistry   spec: 'latest',
26 silly mapToRegistry   type: 'tag' }
27 silly mapToRegistry uri https://registry.npmjs.org/ng-country-flags
28 verbose publish registryBase https://registry.npmjs.org/
29 silly publish uploading C:\Users\oscaryuen\AppData\Roaming\npm-cache\ng-country-flags\1.0.0\package.tgz
30 verbose request uri https://registry.npmjs.org/ng-country-flags
31 verbose request sending authorization for write operation
32 info attempt registry request try #1 at 12:19:38 PM
33 verbose request using bearer token for auth
34 verbose request id 896c010720dd929f
35 http request PUT https://registry.npmjs.org/ng-country-flags
36 http 403 https://registry.npmjs.org/ng-country-flags
37 verbose headers { 'content-type': 'application/json',
37 verbose headers   'cache-control': 'max-age=300',
37 verbose headers   'content-length': '95',
37 verbose headers   'accept-ranges': 'bytes',
37 verbose headers   date: 'Fri, 26 Aug 2016 04:19:38 GMT',
37 verbose headers   via: '1.1 varnish',
37 verbose headers   connection: 'keep-alive',
37 verbose headers   'x-served-by': 'cache-hkg6820-HKG',
37 verbose headers   'x-cache': 'MISS',
37 verbose headers   'x-cache-hits': '0',
37 verbose headers   'x-timer': 'S1472185178.495933,VS0,VE222',
37 verbose headers   vary: 'Accept-Encoding' }
38 verbose request invalidating C:\Users\oscaryuen\AppData\Roaming\npm-cache\registry.npmjs.org\ng-country-flags on PUT
39 error publish Failed PUT 403
40 verbose stack Error: "You cannot publish over the previously published version 1.0.0." : ng-country-flags
40 verbose stack     at makeError (C:\Users\oscaryuen\AppData\Roaming\npm\node_modules\npm\node_modules\npm-registry-client\lib\request.js:264:12)
40 verbose stack     at CachingRegistryClient.<anonymous> (C:\Users\oscaryuen\AppData\Roaming\npm\node_modules\npm\node_modules\npm-registry-client\lib\request.js:252:14)
40 verbose stack     at Request._callback (C:\Users\oscaryuen\AppData\Roaming\npm\node_modules\npm\node_modules\npm-registry-client\lib\request.js:172:14)
40 verbose stack     at Request.self.callback (C:\Users\oscaryuen\AppData\Roaming\npm\node_modules\npm\node_modules\request\request.js:200:22)
40 verbose stack     at emitTwo (events.js:106:13)
40 verbose stack     at Request.emit (events.js:191:7)
40 verbose stack     at Request.<anonymous> (C:\Users\oscaryuen\AppData\Roaming\npm\node_modules\npm\node_modules\request\request.js:1067:10)
40 verbose stack     at emitOne (events.js:101:20)
40 verbose stack     at Request.emit (events.js:188:7)
40 verbose stack     at IncomingMessage.<anonymous> (C:\Users\oscaryuen\AppData\Roaming\npm\node_modules\npm\node_modules\request\request.js:988:12)
41 verbose statusCode 403
42 verbose pkgid ng-country-flags
43 verbose cwd C:\Users\oscaryuen\Desktop\ng-countryflags
44 error Windows_NT 6.1.7601
45 error argv "C:\\Program Files\\nodejs\\node.exe" "C:\\Users\\oscaryuen\\AppData\\Roaming\\npm\\node_modules\\npm\\bin\\npm-cli.js" "publish" "./"
46 error node v6.2.1
47 error npm  v3.10.6
48 error code E403
49 error "You cannot publish over the previously published version 1.0.0." : ng-country-flags
50 error If you need help, you may report this error at:
50 error     <https://github.com/npm/npm/issues>
51 verbose exit [ 1, true ]
